<?xml version="1.0" encoding="UTF-8"?>
<testng-results ignored="0" total="2" passed="2" failed="0" skipped="0">
  <reporter-output>
  </reporter-output>
  <suite started-at="2025-07-31T15:44:46 IST" name="Suite" finished-at="2025-07-31T15:45:14 IST" duration-ms="27939">
    <groups>
    </groups>
    <test started-at="2025-07-31T15:44:46 IST" name="Test" finished-at="2025-07-31T15:45:14 IST" duration-ms="27939">
      <class name="testCases.TC002_AERegistrationTest">
        <test-method is-config="true" signature="SetUp(java.lang.String,java.lang.String)[pri:0, instance:testCases.TC002_AERegistrationTest@43bc63a3]" started-at="2025-07-31T15:44:46 IST" name="SetUp" finished-at="2025-07-31T15:44:58 IST" duration-ms="11884" status="PASS">
          <params>
            <param index="0">
              <value>
                <![CDATA[macOS]]>
              </value>
            </param>
            <param index="1">
              <value>
                <![CDATA[Chrome]]>
              </value>
            </param>
          </params>
          <reporter-output>
          </reporter-output>
        </test-method> <!-- SetUp -->
        <test-method signature="VerifyAccount()[pri:0, instance:testCases.TC002_AERegistrationTest@43bc63a3]" started-at="2025-07-31T15:44:58 IST" name="VerifyAccount" finished-at="2025-07-31T15:45:05 IST" duration-ms="6564" status="PASS">
          <reporter-output>
          </reporter-output>
        </test-method> <!-- VerifyAccount -->
        <test-method is-config="true" signature="tearDown()[pri:0, instance:testCases.TC002_AERegistrationTest@43bc63a3]" started-at="2025-07-31T15:45:05 IST" name="tearDown" finished-at="2025-07-31T15:45:05 IST" duration-ms="135" status="PASS">
          <reporter-output>
          </reporter-output>
        </test-method> <!-- tearDown -->
      </class> <!-- testCases.TC002_AERegistrationTest -->
      <class name="testCases.TC001_AELoginTest">
        <test-method is-config="true" signature="SetUp(java.lang.String,java.lang.String)[pri:0, instance:testCases.TC001_AELoginTest@2d1ef81a]" started-at="2025-07-31T15:45:05 IST" name="SetUp" finished-at="2025-07-31T15:45:10 IST" duration-ms="5542" status="PASS">
          <params>
            <param index="0">
              <value>
                <![CDATA[macOS]]>
              </value>
            </param>
            <param index="1">
              <value>
                <![CDATA[Chrome]]>
              </value>
            </param>
          </params>
          <reporter-output>
          </reporter-output>
        </test-method> <!-- SetUp -->
        <test-method signature="verify_Logiin()[pri:0, instance:testCases.TC001_AELoginTest@2d1ef81a]" started-at="2025-07-31T15:45:10 IST" name="verify_Logiin" finished-at="2025-07-31T15:45:14 IST" duration-ms="3593" status="PASS">
          <reporter-output>
          </reporter-output>
        </test-method> <!-- verify_Logiin -->
        <test-method is-config="true" signature="tearDown()[pri:0, instance:testCases.TC001_AELoginTest@2d1ef81a]" started-at="2025-07-31T15:45:14 IST" name="tearDown" finished-at="2025-07-31T15:45:14 IST" duration-ms="99" status="PASS">
          <reporter-output>
          </reporter-output>
        </test-method> <!-- tearDown -->
      </class> <!-- testCases.TC001_AELoginTest -->
    </test> <!-- Test -->
  </suite> <!-- Suite -->
</testng-results>
